Analysis & Synthesis report for Microprocessor
Tue Oct 18 13:22:22 2022
Quartus Prime Version 20.1.1 Build 720 11/11/2020 SJ Standard Edition


---------------------
; Table of Contents ;
---------------------
  1. Legal Notice
  2. Analysis & Synthesis Summary
  3. Analysis & Synthesis Settings
  4. Parallel Compilation
  5. Analysis & Synthesis Source Files Read
  6. Analysis & Synthesis Resource Usage Summary
  7. Analysis & Synthesis Resource Utilization by Entity
  8. Analysis & Synthesis IP Cores Summary
  9. Registers Removed During Synthesis
 10. Removed Registers Triggering Further Register Optimizations
 11. General Register Statistics
 12. Source assignments for program_memory:prog_mem|altsyncram:altsyncram_component|altsyncram_mi91:auto_generated
 13. Source assignments for data_memory:data_mem|altsyncram:altsyncram_component|altsyncram_5vh1:auto_generated
 14. Parameter Settings for User Entity Instance: program_memory:prog_mem|altsyncram:altsyncram_component
 15. Parameter Settings for User Entity Instance: data_memory:data_mem|altsyncram:altsyncram_component
 16. altsyncram Parameter Settings by Entity Instance
 17. Port Connectivity Checks: "data_memory:data_mem"
 18. Post-Synthesis Netlist Statistics for Top Partition
 19. Elapsed Time Per Partition
 20. Analysis & Synthesis Messages



----------------
; Legal Notice ;
----------------
Copyright (C) 2020  Intel Corporation. All rights reserved.
Your use of Intel Corporation's design tools, logic functions 
and other software and tools, and any partner logic 
functions, and any output files from any of the foregoing 
(including device programming or simulation files), and any 
associated documentation or information are expressly subject 
to the terms and conditions of the Intel Program License 
Subscription Agreement, the Intel Quartus Prime License Agreement,
the Intel FPGA IP License Agreement, or other applicable license
agreement, including, without limitation, that your use is for
the sole purpose of programming logic devices manufactured by
Intel and sold by Intel or its authorized distributors.  Please
refer to the applicable agreement for further details, at
https://fpgasoftware.intel.com/eula.



+--------------------------------------------------------------------------------------+
; Analysis & Synthesis Summary                                                         ;
+------------------------------------+-------------------------------------------------+
; Analysis & Synthesis Status        ; Successful - Tue Oct 18 13:22:22 2022           ;
; Quartus Prime Version              ; 20.1.1 Build 720 11/11/2020 SJ Standard Edition ;
; Revision Name                      ; Microprocessor                                  ;
; Top-level Entity Name              ; Microprocessor                                  ;
; Family                             ; Cyclone IV E                                    ;
; Total logic elements               ; 9                                               ;
;     Total combinational functions  ; 8                                               ;
;     Dedicated logic registers      ; 9                                               ;
; Total registers                    ; 9                                               ;
; Total pins                         ; 112                                             ;
; Total virtual pins                 ; 0                                               ;
; Total memory bits                  ; 0                                               ;
; Embedded Multiplier 9-bit elements ; 0                                               ;
; Total PLLs                         ; 0                                               ;
+------------------------------------+-------------------------------------------------+


+------------------------------------------------------------------------------------------------------------+
; Analysis & Synthesis Settings                                                                              ;
+------------------------------------------------------------------+--------------------+--------------------+
; Option                                                           ; Setting            ; Default Value      ;
+------------------------------------------------------------------+--------------------+--------------------+
; Device                                                           ; EP4CE115F29C7      ;                    ;
; Top-level entity name                                            ; Microprocessor     ; Microprocessor     ;
; Family name                                                      ; Cyclone IV E       ; Cyclone V          ;
; Use smart compilation                                            ; Off                ; Off                ;
; Enable parallel Assembler and Timing Analyzer during compilation ; On                 ; On                 ;
; Enable compact report table                                      ; Off                ; Off                ;
; Restructure Multiplexers                                         ; Auto               ; Auto               ;
; Create Debugging Nodes for IP Cores                              ; Off                ; Off                ;
; Preserve fewer node names                                        ; On                 ; On                 ;
; Intel FPGA IP Evaluation Mode                                    ; Enable             ; Enable             ;
; Verilog Version                                                  ; Verilog_2001       ; Verilog_2001       ;
; VHDL Version                                                     ; VHDL_1993          ; VHDL_1993          ;
; State Machine Processing                                         ; Auto               ; Auto               ;
; Safe State Machine                                               ; Off                ; Off                ;
; Extract Verilog State Machines                                   ; On                 ; On                 ;
; Extract VHDL State Machines                                      ; On                 ; On                 ;
; Ignore Verilog initial constructs                                ; Off                ; Off                ;
; Iteration limit for constant Verilog loops                       ; 5000               ; 5000               ;
; Iteration limit for non-constant Verilog loops                   ; 250                ; 250                ;
; Add Pass-Through Logic to Inferred RAMs                          ; On                 ; On                 ;
; Infer RAMs from Raw Logic                                        ; On                 ; On                 ;
; Parallel Synthesis                                               ; On                 ; On                 ;
; DSP Block Balancing                                              ; Auto               ; Auto               ;
; NOT Gate Push-Back                                               ; On                 ; On                 ;
; Power-Up Don't Care                                              ; On                 ; On                 ;
; Remove Redundant Logic Cells                                     ; Off                ; Off                ;
; Remove Duplicate Registers                                       ; On                 ; On                 ;
; Ignore CARRY Buffers                                             ; Off                ; Off                ;
; Ignore CASCADE Buffers                                           ; Off                ; Off                ;
; Ignore GLOBAL Buffers                                            ; Off                ; Off                ;
; Ignore ROW GLOBAL Buffers                                        ; Off                ; Off                ;
; Ignore LCELL Buffers                                             ; Off                ; Off                ;
; Ignore SOFT Buffers                                              ; On                 ; On                 ;
; Limit AHDL Integers to 32 Bits                                   ; Off                ; Off                ;
; Optimization Technique                                           ; Balanced           ; Balanced           ;
; Carry Chain Length                                               ; 70                 ; 70                 ;
; Auto Carry Chains                                                ; On                 ; On                 ;
; Auto Open-Drain Pins                                             ; On                 ; On                 ;
; Perform WYSIWYG Primitive Resynthesis                            ; Off                ; Off                ;
; Auto ROM Replacement                                             ; On                 ; On                 ;
; Auto RAM Replacement                                             ; On                 ; On                 ;
; Auto DSP Block Replacement                                       ; On                 ; On                 ;
; Auto Shift Register Replacement                                  ; Auto               ; Auto               ;
; Allow Shift Register Merging across Hierarchies                  ; Auto               ; Auto               ;
; Auto Clock Enable Replacement                                    ; On                 ; On                 ;
; Strict RAM Replacement                                           ; Off                ; Off                ;
; Allow Synchronous Control Signals                                ; On                 ; On                 ;
; Force Use of Synchronous Clear Signals                           ; Off                ; Off                ;
; Auto RAM Block Balancing                                         ; On                 ; On                 ;
; Auto RAM to Logic Cell Conversion                                ; Off                ; Off                ;
; Auto Resource Sharing                                            ; Off                ; Off                ;
; Allow Any RAM Size For Recognition                               ; Off                ; Off                ;
; Allow Any ROM Size For Recognition                               ; Off                ; Off                ;
; Allow Any Shift Register Size For Recognition                    ; Off                ; Off                ;
; Use LogicLock Constraints during Resource Balancing              ; On                 ; On                 ;
; Ignore translate_off and synthesis_off directives                ; Off                ; Off                ;
; Timing-Driven Synthesis                                          ; On                 ; On                 ;
; Report Parameter Settings                                        ; On                 ; On                 ;
; Report Source Assignments                                        ; On                 ; On                 ;
; Report Connectivity Checks                                       ; On                 ; On                 ;
; Ignore Maximum Fan-Out Assignments                               ; Off                ; Off                ;
; Synchronization Register Chain Length                            ; 2                  ; 2                  ;
; Power Optimization During Synthesis                              ; Normal compilation ; Normal compilation ;
; HDL message level                                                ; Level2             ; Level2             ;
; Suppress Register Optimization Related Messages                  ; Off                ; Off                ;
; Number of Removed Registers Reported in Synthesis Report         ; 5000               ; 5000               ;
; Number of Swept Nodes Reported in Synthesis Report               ; 5000               ; 5000               ;
; Number of Inverted Registers Reported in Synthesis Report        ; 100                ; 100                ;
; Clock MUX Protection                                             ; On                 ; On                 ;
; Auto Gated Clock Conversion                                      ; Off                ; Off                ;
; Block Design Naming                                              ; Auto               ; Auto               ;
; SDC constraint protection                                        ; Off                ; Off                ;
; Synthesis Effort                                                 ; Auto               ; Auto               ;
; Shift Register Replacement - Allow Asynchronous Clear Signal     ; On                 ; On                 ;
; Pre-Mapping Resynthesis Optimization                             ; Off                ; Off                ;
; Analysis & Synthesis Message Level                               ; Medium             ; Medium             ;
; Disable Register Merging Across Hierarchies                      ; Auto               ; Auto               ;
; Resource Aware Inference For Block RAM                           ; On                 ; On                 ;
+------------------------------------------------------------------+--------------------+--------------------+


+------------------------------------------+
; Parallel Compilation                     ;
+----------------------------+-------------+
; Processors                 ; Number      ;
+----------------------------+-------------+
; Number detected on machine ; 16          ;
; Maximum allowed            ; 8           ;
;                            ;             ;
; Average used               ; 1.00        ;
; Maximum used               ; 8           ;
;                            ;             ;
; Usage by Processor         ; % Time Used ;
;     Processor 1            ; 100.0%      ;
;     Processor 2            ;   0.0%      ;
;     Processors 3-8         ;   0.0%      ;
+----------------------------+-------------+


+------------------------------------------------------------------------------------------------------------------------------------------------------------------------------------+
; Analysis & Synthesis Source Files Read                                                                                                                                             ;
+----------------------------------+-----------------+---------------------------------------+-----------------------------------------------------------------------------+---------+
; File Name with User-Entered Path ; Used in Netlist ; File Type                             ; File Name with Absolute Path                                                ; Library ;
+----------------------------------+-----------------+---------------------------------------+-----------------------------------------------------------------------------+---------+
; data_memory.v                    ; yes             ; User Wizard-Generated File            ; /home/dtv782/engr-ece/CME 433/labs/lab_3/data_memory.v                      ;         ;
; pipe_test.hex                    ; yes             ; User Hexadecimal (Intel-Format) File  ; /home/dtv782/engr-ece/CME 433/labs/lab_3/pipe_test.hex                      ;         ;
; program_sequencer.sv             ; yes             ; User SystemVerilog HDL File           ; /home/dtv782/engr-ece/CME 433/labs/lab_3/program_sequencer.sv               ;         ;
; instruction_decoder.sv           ; yes             ; User SystemVerilog HDL File           ; /home/dtv782/engr-ece/CME 433/labs/lab_3/instruction_decoder.sv             ;         ;
; computational_unit.sv            ; yes             ; User SystemVerilog HDL File           ; /home/dtv782/engr-ece/CME 433/labs/lab_3/computational_unit.sv              ;         ;
; Microprocessor.sv                ; yes             ; User SystemVerilog HDL File           ; /home/dtv782/engr-ece/CME 433/labs/lab_3/Microprocessor.sv                  ;         ;
; program_memory.v                 ; yes             ; User Wizard-Generated File            ; /home/dtv782/engr-ece/CME 433/labs/lab_3/program_memory.v                   ;         ;
; comb_logic.sv                    ; yes             ; User SystemVerilog HDL File           ; /home/dtv782/engr-ece/CME 433/labs/lab_3/comb_logic.sv                      ;         ;
; altsyncram.tdf                   ; yes             ; Megafunction                          ; /opt/intelFPGA/20.1.1/quartus/libraries/megafunctions/altsyncram.tdf        ;         ;
; stratix_ram_block.inc            ; yes             ; Megafunction                          ; /opt/intelFPGA/20.1.1/quartus/libraries/megafunctions/stratix_ram_block.inc ;         ;
; lpm_mux.inc                      ; yes             ; Megafunction                          ; /opt/intelFPGA/20.1.1/quartus/libraries/megafunctions/lpm_mux.inc           ;         ;
; lpm_decode.inc                   ; yes             ; Megafunction                          ; /opt/intelFPGA/20.1.1/quartus/libraries/megafunctions/lpm_decode.inc        ;         ;
; aglobal201.inc                   ; yes             ; Megafunction                          ; /opt/intelFPGA/20.1.1/quartus/libraries/megafunctions/aglobal201.inc        ;         ;
; a_rdenreg.inc                    ; yes             ; Megafunction                          ; /opt/intelFPGA/20.1.1/quartus/libraries/megafunctions/a_rdenreg.inc         ;         ;
; altrom.inc                       ; yes             ; Megafunction                          ; /opt/intelFPGA/20.1.1/quartus/libraries/megafunctions/altrom.inc            ;         ;
; altram.inc                       ; yes             ; Megafunction                          ; /opt/intelFPGA/20.1.1/quartus/libraries/megafunctions/altram.inc            ;         ;
; altdpram.inc                     ; yes             ; Megafunction                          ; /opt/intelFPGA/20.1.1/quartus/libraries/megafunctions/altdpram.inc          ;         ;
; db/altsyncram_mi91.tdf           ; yes             ; Auto-Generated Megafunction           ; /home/dtv782/engr-ece/CME 433/labs/lab_3/db/altsyncram_mi91.tdf             ;         ;
; db/altsyncram_5vh1.tdf           ; yes             ; Auto-Generated Megafunction           ; /home/dtv782/engr-ece/CME 433/labs/lab_3/db/altsyncram_5vh1.tdf             ;         ;
+----------------------------------+-----------------+---------------------------------------+-----------------------------------------------------------------------------+---------+


+----------------------------------------------------------+
; Analysis & Synthesis Resource Usage Summary              ;
+---------------------------------------------+------------+
; Resource                                    ; Usage      ;
+---------------------------------------------+------------+
; Estimated Total logic elements              ; 9          ;
;                                             ;            ;
; Total combinational functions               ; 8          ;
; Logic element usage by number of LUT inputs ;            ;
;     -- 4 input functions                    ; 0          ;
;     -- 3 input functions                    ; 0          ;
;     -- <=2 input functions                  ; 8          ;
;                                             ;            ;
; Logic elements by mode                      ;            ;
;     -- normal mode                          ; 1          ;
;     -- arithmetic mode                      ; 7          ;
;                                             ;            ;
; Total registers                             ; 9          ;
;     -- Dedicated logic registers            ; 9          ;
;     -- I/O registers                        ; 0          ;
;                                             ;            ;
; I/O pins                                    ; 112        ;
;                                             ;            ;
; Embedded Multiplier 9-bit elements          ; 0          ;
;                                             ;            ;
; Maximum fan-out node                        ; sync_reset ;
; Maximum fan-out                             ; 16         ;
; Total fan-out                               ; 169        ;
; Average fan-out                             ; 0.70       ;
+---------------------------------------------+------------+


+--------------------------------------------------------------------------------------------------------------------------------------------------------------------------------------------------------------------------------------------------------+
; Analysis & Synthesis Resource Utilization by Entity                                                                                                                                                                                                    ;
+---------------------------------------+---------------------+---------------------------+-------------+--------------+---------+-----------+------+--------------+--------------------------------------------------+-------------------+--------------+
; Compilation Hierarchy Node            ; Combinational ALUTs ; Dedicated Logic Registers ; Memory Bits ; DSP Elements ; DSP 9x9 ; DSP 18x18 ; Pins ; Virtual Pins ; Full Hierarchy Name                              ; Entity Name       ; Library Name ;
+---------------------------------------+---------------------+---------------------------+-------------+--------------+---------+-----------+------+--------------+--------------------------------------------------+-------------------+--------------+
; |Microprocessor                       ; 8 (0)               ; 9 (1)                     ; 0           ; 0            ; 0       ; 0         ; 112  ; 0            ; |Microprocessor                                  ; Microprocessor    ; work         ;
;    |program_sequencer:prog_sequencer| ; 8 (8)               ; 8 (8)                     ; 0           ; 0            ; 0       ; 0         ; 0    ; 0            ; |Microprocessor|program_sequencer:prog_sequencer ; program_sequencer ; work         ;
+---------------------------------------+---------------------+---------------------------+-------------+--------------+---------+-----------+------+--------------+--------------------------------------------------+-------------------+--------------+
Note: For table entries with two numbers listed, the numbers in parentheses indicate the number of resources of the given type used by the specific entity alone. The numbers listed outside of parentheses indicate the total resources of the given type used by the specific entity and all of its sub-entities in the hierarchy.


+----------------------------------------------------------------------------------------------------------------------------+
; Analysis & Synthesis IP Cores Summary                                                                                      ;
+--------+--------------+---------+--------------+--------------+-----------------------------------------+------------------+
; Vendor ; IP Core Name ; Version ; Release Date ; License Type ; Entity Instance                         ; IP Include File  ;
+--------+--------------+---------+--------------+--------------+-----------------------------------------+------------------+
; Altera ; RAM: 1-PORT  ; 20.1    ; N/A          ; N/A          ; |Microprocessor|data_memory:data_mem    ; data_memory.v    ;
; Altera ; ROM: 1-PORT  ; 20.1    ; N/A          ; N/A          ; |Microprocessor|program_memory:prog_mem ; program_memory.v ;
+--------+--------------+---------+--------------+--------------+-----------------------------------------+------------------+


+----------------------------------------------------------------------------------------------------------+
; Registers Removed During Synthesis                                                                       ;
+---------------------------------------------------------+------------------------------------------------+
; Register name                                           ; Reason for Removal                             ;
+---------------------------------------------------------+------------------------------------------------+
; instruction_decoder:instr_decoder|ir[4..7]              ; Stuck at GND due to stuck port data_in         ;
; instruction_decoder:instr_decoder|LS_nibble_of_ir[0..3] ; Stuck at GND due to stuck port data_in         ;
; computational_unit:comp_unit|x0[1..3]                   ; Merged with computational_unit:comp_unit|x0[0] ;
; computational_unit:comp_unit|m[1..3]                    ; Merged with computational_unit:comp_unit|m[0]  ;
; computational_unit:comp_unit|r[1..3]                    ; Stuck at GND due to stuck port data_in         ;
; computational_unit:comp_unit|x0[0]                      ; Stuck at GND due to stuck port data_in         ;
; computational_unit:comp_unit|x1[0]                      ; Stuck at GND due to stuck port data_in         ;
; computational_unit:comp_unit|y0[0]                      ; Stuck at GND due to stuck port data_in         ;
; computational_unit:comp_unit|y1[0]                      ; Stuck at GND due to stuck port data_in         ;
; computational_unit:comp_unit|o_reg[0]                   ; Stuck at GND due to stuck port data_in         ;
; computational_unit:comp_unit|r_eq_0                     ; Stuck at VCC due to stuck port data_in         ;
; computational_unit:comp_unit|m[0]                       ; Stuck at GND due to stuck port data_in         ;
; computational_unit:comp_unit|r[0]                       ; Stuck at GND due to stuck port data_in         ;
; computational_unit:comp_unit|o_reg[1..3]                ; Stuck at GND due to stuck port data_in         ;
; computational_unit:comp_unit|y1[1..3]                   ; Stuck at GND due to stuck port data_in         ;
; computational_unit:comp_unit|y0[1..3]                   ; Stuck at GND due to stuck port data_in         ;
; computational_unit:comp_unit|x1[1..3]                   ; Stuck at GND due to stuck port data_in         ;
; computational_unit:comp_unit|i[0..3]                    ; Stuck at GND due to stuck port data_in         ;
; Total Number of Removed Registers = 41                  ;                                                ;
+---------------------------------------------------------+------------------------------------------------+


+-----------------------------------------------------------------------------------------------------------------------------------------------------+
; Removed Registers Triggering Further Register Optimizations                                                                                         ;
+-----------------------------------------+---------------------------+-------------------------------------------------------------------------------+
; Register name                           ; Reason for Removal        ; Registers Removed due to This Register                                        ;
+-----------------------------------------+---------------------------+-------------------------------------------------------------------------------+
; instruction_decoder:instr_decoder|ir[7] ; Stuck at GND              ; computational_unit:comp_unit|r[3], computational_unit:comp_unit|r[2],         ;
;                                         ; due to stuck port data_in ; computational_unit:comp_unit|r[1], computational_unit:comp_unit|x0[0],        ;
;                                         ;                           ; computational_unit:comp_unit|x1[0], computational_unit:comp_unit|y0[0],       ;
;                                         ;                           ; computational_unit:comp_unit|y1[0], computational_unit:comp_unit|o_reg[0],    ;
;                                         ;                           ; computational_unit:comp_unit|m[0], computational_unit:comp_unit|r[0],         ;
;                                         ;                           ; computational_unit:comp_unit|o_reg[1], computational_unit:comp_unit|o_reg[2], ;
;                                         ;                           ; computational_unit:comp_unit|o_reg[3], computational_unit:comp_unit|y1[1],    ;
;                                         ;                           ; computational_unit:comp_unit|y1[2], computational_unit:comp_unit|y1[3],       ;
;                                         ;                           ; computational_unit:comp_unit|y0[1], computational_unit:comp_unit|y0[2],       ;
;                                         ;                           ; computational_unit:comp_unit|y0[3], computational_unit:comp_unit|x1[1],       ;
;                                         ;                           ; computational_unit:comp_unit|x1[2], computational_unit:comp_unit|x1[3],       ;
;                                         ;                           ; computational_unit:comp_unit|i[0], computational_unit:comp_unit|i[1],         ;
;                                         ;                           ; computational_unit:comp_unit|i[3]                                             ;
; instruction_decoder:instr_decoder|ir[5] ; Stuck at GND              ; computational_unit:comp_unit|i[2]                                             ;
;                                         ; due to stuck port data_in ;                                                                               ;
; instruction_decoder:instr_decoder|ir[4] ; Stuck at GND              ; computational_unit:comp_unit|r_eq_0                                           ;
;                                         ; due to stuck port data_in ;                                                                               ;
+-----------------------------------------+---------------------------+-------------------------------------------------------------------------------+


+------------------------------------------------------+
; General Register Statistics                          ;
+----------------------------------------------+-------+
; Statistic                                    ; Value ;
+----------------------------------------------+-------+
; Total registers                              ; 9     ;
; Number of registers using Synchronous Clear  ; 8     ;
; Number of registers using Synchronous Load   ; 0     ;
; Number of registers using Asynchronous Clear ; 0     ;
; Number of registers using Asynchronous Load  ; 0     ;
; Number of registers using Clock Enable       ; 0     ;
; Number of registers using Preset             ; 0     ;
+----------------------------------------------+-------+


+---------------------------------------------------------------------------------------------------------------+
; Source assignments for program_memory:prog_mem|altsyncram:altsyncram_component|altsyncram_mi91:auto_generated ;
+---------------------------------+--------------------+------+-------------------------------------------------+
; Assignment                      ; Value              ; From ; To                                              ;
+---------------------------------+--------------------+------+-------------------------------------------------+
; OPTIMIZE_POWER_DURING_SYNTHESIS ; NORMAL_COMPILATION ; -    ; -                                               ;
+---------------------------------+--------------------+------+-------------------------------------------------+


+------------------------------------------------------------------------------------------------------------+
; Source assignments for data_memory:data_mem|altsyncram:altsyncram_component|altsyncram_5vh1:auto_generated ;
+---------------------------------+--------------------+------+----------------------------------------------+
; Assignment                      ; Value              ; From ; To                                           ;
+---------------------------------+--------------------+------+----------------------------------------------+
; OPTIMIZE_POWER_DURING_SYNTHESIS ; NORMAL_COMPILATION ; -    ; -                                            ;
+---------------------------------+--------------------+------+----------------------------------------------+


+------------------------------------------------------------------------------------------------------+
; Parameter Settings for User Entity Instance: program_memory:prog_mem|altsyncram:altsyncram_component ;
+------------------------------------+----------------------+------------------------------------------+
; Parameter Name                     ; Value                ; Type                                     ;
+------------------------------------+----------------------+------------------------------------------+
; BYTE_SIZE_BLOCK                    ; 8                    ; Untyped                                  ;
; AUTO_CARRY_CHAINS                  ; ON                   ; AUTO_CARRY                               ;
; IGNORE_CARRY_BUFFERS               ; OFF                  ; IGNORE_CARRY                             ;
; AUTO_CASCADE_CHAINS                ; ON                   ; AUTO_CASCADE                             ;
; IGNORE_CASCADE_BUFFERS             ; OFF                  ; IGNORE_CASCADE                           ;
; WIDTH_BYTEENA                      ; 1                    ; Untyped                                  ;
; OPERATION_MODE                     ; ROM                  ; Untyped                                  ;
; WIDTH_A                            ; 8                    ; Signed Integer                           ;
; WIDTHAD_A                          ; 8                    ; Signed Integer                           ;
; NUMWORDS_A                         ; 256                  ; Signed Integer                           ;
; OUTDATA_REG_A                      ; CLOCK0               ; Untyped                                  ;
; ADDRESS_ACLR_A                     ; NONE                 ; Untyped                                  ;
; OUTDATA_ACLR_A                     ; NONE                 ; Untyped                                  ;
; WRCONTROL_ACLR_A                   ; NONE                 ; Untyped                                  ;
; INDATA_ACLR_A                      ; NONE                 ; Untyped                                  ;
; BYTEENA_ACLR_A                     ; NONE                 ; Untyped                                  ;
; WIDTH_B                            ; 1                    ; Untyped                                  ;
; WIDTHAD_B                          ; 1                    ; Untyped                                  ;
; NUMWORDS_B                         ; 1                    ; Untyped                                  ;
; INDATA_REG_B                       ; CLOCK1               ; Untyped                                  ;
; WRCONTROL_WRADDRESS_REG_B          ; CLOCK1               ; Untyped                                  ;
; RDCONTROL_REG_B                    ; CLOCK1               ; Untyped                                  ;
; ADDRESS_REG_B                      ; CLOCK1               ; Untyped                                  ;
; OUTDATA_REG_B                      ; UNREGISTERED         ; Untyped                                  ;
; BYTEENA_REG_B                      ; CLOCK1               ; Untyped                                  ;
; INDATA_ACLR_B                      ; NONE                 ; Untyped                                  ;
; WRCONTROL_ACLR_B                   ; NONE                 ; Untyped                                  ;
; ADDRESS_ACLR_B                     ; NONE                 ; Untyped                                  ;
; OUTDATA_ACLR_B                     ; NONE                 ; Untyped                                  ;
; RDCONTROL_ACLR_B                   ; NONE                 ; Untyped                                  ;
; BYTEENA_ACLR_B                     ; NONE                 ; Untyped                                  ;
; WIDTH_BYTEENA_A                    ; 1                    ; Signed Integer                           ;
; WIDTH_BYTEENA_B                    ; 1                    ; Untyped                                  ;
; RAM_BLOCK_TYPE                     ; AUTO                 ; Untyped                                  ;
; BYTE_SIZE                          ; 8                    ; Untyped                                  ;
; READ_DURING_WRITE_MODE_MIXED_PORTS ; DONT_CARE            ; Untyped                                  ;
; READ_DURING_WRITE_MODE_PORT_A      ; NEW_DATA_NO_NBE_READ ; Untyped                                  ;
; READ_DURING_WRITE_MODE_PORT_B      ; NEW_DATA_NO_NBE_READ ; Untyped                                  ;
; INIT_FILE                          ; pipe_test.hex        ; Untyped                                  ;
; INIT_FILE_LAYOUT                   ; PORT_A               ; Untyped                                  ;
; MAXIMUM_DEPTH                      ; 0                    ; Untyped                                  ;
; CLOCK_ENABLE_INPUT_A               ; BYPASS               ; Untyped                                  ;
; CLOCK_ENABLE_INPUT_B               ; NORMAL               ; Untyped                                  ;
; CLOCK_ENABLE_OUTPUT_A              ; BYPASS               ; Untyped                                  ;
; CLOCK_ENABLE_OUTPUT_B              ; NORMAL               ; Untyped                                  ;
; CLOCK_ENABLE_CORE_A                ; USE_INPUT_CLKEN      ; Untyped                                  ;
; CLOCK_ENABLE_CORE_B                ; USE_INPUT_CLKEN      ; Untyped                                  ;
; ENABLE_ECC                         ; FALSE                ; Untyped                                  ;
; ECC_PIPELINE_STAGE_ENABLED         ; FALSE                ; Untyped                                  ;
; WIDTH_ECCSTATUS                    ; 3                    ; Untyped                                  ;
; DEVICE_FAMILY                      ; Cyclone IV E         ; Untyped                                  ;
; CBXI_PARAMETER                     ; altsyncram_mi91      ; Untyped                                  ;
+------------------------------------+----------------------+------------------------------------------+
Note: In order to hide this table in the UI and the text report file, please set the "Show Parameter Settings in Synthesis Report" option in "Analysis and Synthesis Settings -> More Settings" to "Off".


+---------------------------------------------------------------------------------------------------+
; Parameter Settings for User Entity Instance: data_memory:data_mem|altsyncram:altsyncram_component ;
+------------------------------------+----------------------+---------------------------------------+
; Parameter Name                     ; Value                ; Type                                  ;
+------------------------------------+----------------------+---------------------------------------+
; BYTE_SIZE_BLOCK                    ; 8                    ; Untyped                               ;
; AUTO_CARRY_CHAINS                  ; ON                   ; AUTO_CARRY                            ;
; IGNORE_CARRY_BUFFERS               ; OFF                  ; IGNORE_CARRY                          ;
; AUTO_CASCADE_CHAINS                ; ON                   ; AUTO_CASCADE                          ;
; IGNORE_CASCADE_BUFFERS             ; OFF                  ; IGNORE_CASCADE                        ;
; WIDTH_BYTEENA                      ; 1                    ; Untyped                               ;
; OPERATION_MODE                     ; SINGLE_PORT          ; Untyped                               ;
; WIDTH_A                            ; 4                    ; Signed Integer                        ;
; WIDTHAD_A                          ; 5                    ; Signed Integer                        ;
; NUMWORDS_A                         ; 32                   ; Signed Integer                        ;
; OUTDATA_REG_A                      ; UNREGISTERED         ; Untyped                               ;
; ADDRESS_ACLR_A                     ; NONE                 ; Untyped                               ;
; OUTDATA_ACLR_A                     ; NONE                 ; Untyped                               ;
; WRCONTROL_ACLR_A                   ; NONE                 ; Untyped                               ;
; INDATA_ACLR_A                      ; NONE                 ; Untyped                               ;
; BYTEENA_ACLR_A                     ; NONE                 ; Untyped                               ;
; WIDTH_B                            ; 1                    ; Untyped                               ;
; WIDTHAD_B                          ; 1                    ; Untyped                               ;
; NUMWORDS_B                         ; 1                    ; Untyped                               ;
; INDATA_REG_B                       ; CLOCK1               ; Untyped                               ;
; WRCONTROL_WRADDRESS_REG_B          ; CLOCK1               ; Untyped                               ;
; RDCONTROL_REG_B                    ; CLOCK1               ; Untyped                               ;
; ADDRESS_REG_B                      ; CLOCK1               ; Untyped                               ;
; OUTDATA_REG_B                      ; UNREGISTERED         ; Untyped                               ;
; BYTEENA_REG_B                      ; CLOCK1               ; Untyped                               ;
; INDATA_ACLR_B                      ; NONE                 ; Untyped                               ;
; WRCONTROL_ACLR_B                   ; NONE                 ; Untyped                               ;
; ADDRESS_ACLR_B                     ; NONE                 ; Untyped                               ;
; OUTDATA_ACLR_B                     ; NONE                 ; Untyped                               ;
; RDCONTROL_ACLR_B                   ; NONE                 ; Untyped                               ;
; BYTEENA_ACLR_B                     ; NONE                 ; Untyped                               ;
; WIDTH_BYTEENA_A                    ; 1                    ; Signed Integer                        ;
; WIDTH_BYTEENA_B                    ; 1                    ; Untyped                               ;
; RAM_BLOCK_TYPE                     ; M9K                  ; Untyped                               ;
; BYTE_SIZE                          ; 8                    ; Untyped                               ;
; READ_DURING_WRITE_MODE_MIXED_PORTS ; DONT_CARE            ; Untyped                               ;
; READ_DURING_WRITE_MODE_PORT_A      ; NEW_DATA_NO_NBE_READ ; Untyped                               ;
; READ_DURING_WRITE_MODE_PORT_B      ; NEW_DATA_NO_NBE_READ ; Untyped                               ;
; INIT_FILE                          ; UNUSED               ; Untyped                               ;
; INIT_FILE_LAYOUT                   ; PORT_A               ; Untyped                               ;
; MAXIMUM_DEPTH                      ; 0                    ; Untyped                               ;
; CLOCK_ENABLE_INPUT_A               ; BYPASS               ; Untyped                               ;
; CLOCK_ENABLE_INPUT_B               ; NORMAL               ; Untyped                               ;
; CLOCK_ENABLE_OUTPUT_A              ; BYPASS               ; Untyped                               ;
; CLOCK_ENABLE_OUTPUT_B              ; NORMAL               ; Untyped                               ;
; CLOCK_ENABLE_CORE_A                ; USE_INPUT_CLKEN      ; Untyped                               ;
; CLOCK_ENABLE_CORE_B                ; USE_INPUT_CLKEN      ; Untyped                               ;
; ENABLE_ECC                         ; FALSE                ; Untyped                               ;
; ECC_PIPELINE_STAGE_ENABLED         ; FALSE                ; Untyped                               ;
; WIDTH_ECCSTATUS                    ; 3                    ; Untyped                               ;
; DEVICE_FAMILY                      ; Cyclone IV E         ; Untyped                               ;
; CBXI_PARAMETER                     ; altsyncram_5vh1      ; Untyped                               ;
+------------------------------------+----------------------+---------------------------------------+
Note: In order to hide this table in the UI and the text report file, please set the "Show Parameter Settings in Synthesis Report" option in "Analysis and Synthesis Settings -> More Settings" to "Off".


+-----------------------------------------------------------------------------------------------------+
; altsyncram Parameter Settings by Entity Instance                                                    ;
+-------------------------------------------+---------------------------------------------------------+
; Name                                      ; Value                                                   ;
+-------------------------------------------+---------------------------------------------------------+
; Number of entity instances                ; 2                                                       ;
; Entity Instance                           ; program_memory:prog_mem|altsyncram:altsyncram_component ;
;     -- OPERATION_MODE                     ; ROM                                                     ;
;     -- WIDTH_A                            ; 8                                                       ;
;     -- NUMWORDS_A                         ; 256                                                     ;
;     -- OUTDATA_REG_A                      ; CLOCK0                                                  ;
;     -- WIDTH_B                            ; 1                                                       ;
;     -- NUMWORDS_B                         ; 1                                                       ;
;     -- ADDRESS_REG_B                      ; CLOCK1                                                  ;
;     -- OUTDATA_REG_B                      ; UNREGISTERED                                            ;
;     -- RAM_BLOCK_TYPE                     ; AUTO                                                    ;
;     -- READ_DURING_WRITE_MODE_MIXED_PORTS ; DONT_CARE                                               ;
; Entity Instance                           ; data_memory:data_mem|altsyncram:altsyncram_component    ;
;     -- OPERATION_MODE                     ; SINGLE_PORT                                             ;
;     -- WIDTH_A                            ; 4                                                       ;
;     -- NUMWORDS_A                         ; 32                                                      ;
;     -- OUTDATA_REG_A                      ; UNREGISTERED                                            ;
;     -- WIDTH_B                            ; 1                                                       ;
;     -- NUMWORDS_B                         ; 1                                                       ;
;     -- ADDRESS_REG_B                      ; CLOCK1                                                  ;
;     -- OUTDATA_REG_B                      ; UNREGISTERED                                            ;
;     -- RAM_BLOCK_TYPE                     ; M9K                                                     ;
;     -- READ_DURING_WRITE_MODE_MIXED_PORTS ; DONT_CARE                                               ;
+-------------------------------------------+---------------------------------------------------------+


+------------------------------------------------------------------------------------------------------------------------------------------------------------------------------+
; Port Connectivity Checks: "data_memory:data_mem"                                                                                                                             ;
+---------+-------+----------+-------------------------------------------------------------------------------------------------------------------------------------------------+
; Port    ; Type  ; Severity ; Details                                                                                                                                         ;
+---------+-------+----------+-------------------------------------------------------------------------------------------------------------------------------------------------+
; address ; Input ; Warning  ; Input port expression (4 bits) is smaller than the input port (5 bits) it drives.  Extra input bit(s) "address[4..4]" will be connected to GND. ;
+---------+-------+----------+-------------------------------------------------------------------------------------------------------------------------------------------------+


+-----------------------------------------------------+
; Post-Synthesis Netlist Statistics for Top Partition ;
+-----------------------+-----------------------------+
; Type                  ; Count                       ;
+-----------------------+-----------------------------+
; boundary_port         ; 112                         ;
; cycloneiii_ff         ; 9                           ;
;     SCLR              ; 8                           ;
;     plain             ; 1                           ;
; cycloneiii_lcell_comb ; 10                          ;
;     arith             ; 7                           ;
;         2 data inputs ; 7                           ;
;     normal            ; 3                           ;
;         0 data inputs ; 2                           ;
;         1 data inputs ; 1                           ;
;                       ;                             ;
; Max LUT depth         ; 1.70                        ;
; Average LUT depth     ; 1.20                        ;
+-----------------------+-----------------------------+


+-------------------------------+
; Elapsed Time Per Partition    ;
+----------------+--------------+
; Partition Name ; Elapsed Time ;
+----------------+--------------+
; Top            ; 00:00:00     ;
+----------------+--------------+


+-------------------------------+
; Analysis & Synthesis Messages ;
+-------------------------------+
Info: *******************************************************************
Info: Running Quartus Prime Analysis & Synthesis
    Info: Version 20.1.1 Build 720 11/11/2020 SJ Standard Edition
    Info: Processing started: Tue Oct 18 13:22:17 2022
Info: Command: quartus_map --read_settings_files=on --write_settings_files=off Microprocessor -c Microprocessor
Warning (18236): Number of processors has not been specified which may cause overloading on shared machines.  Set the global assignment NUM_PARALLEL_PROCESSORS in your QSF to an appropriate value for best performance.
Info (20030): Parallel compilation is enabled and will use 8 of the 8 processors detected
Info (12021): Found 1 design units, including 1 entities, in source file data_memory.v
    Info (12023): Found entity 1: data_memory File: /home/dtv782/engr-ece/CME 433/labs/lab_3/data_memory.v Line: 40
Info (12021): Found 1 design units, including 1 entities, in source file program_sequencer.sv
    Info (12023): Found entity 1: program_sequencer File: /home/dtv782/engr-ece/CME 433/labs/lab_3/program_sequencer.sv Line: 1
Info (12021): Found 1 design units, including 1 entities, in source file instruction_decoder.sv
    Info (12023): Found entity 1: instruction_decoder File: /home/dtv782/engr-ece/CME 433/labs/lab_3/instruction_decoder.sv Line: 1
Info (12021): Found 1 design units, including 1 entities, in source file computational_unit.sv
    Info (12023): Found entity 1: computational_unit File: /home/dtv782/engr-ece/CME 433/labs/lab_3/computational_unit.sv Line: 1
Info (12021): Found 1 design units, including 1 entities, in source file Microprocessor.sv
    Info (12023): Found entity 1: Microprocessor File: /home/dtv782/engr-ece/CME 433/labs/lab_3/Microprocessor.sv Line: 1
Info (12021): Found 1 design units, including 1 entities, in source file program_memory.v
    Info (12023): Found entity 1: program_memory File: /home/dtv782/engr-ece/CME 433/labs/lab_3/program_memory.v Line: 40
Info (12021): Found 1 design units, including 1 entities, in source file comb_logic.sv
    Info (12023): Found entity 1: comb_logic File: /home/dtv782/engr-ece/CME 433/labs/lab_3/comb_logic.sv Line: 1
Info (12127): Elaborating entity "Microprocessor" for the top level hierarchy
Info (12128): Elaborating entity "program_sequencer" for hierarchy "program_sequencer:prog_sequencer" File: /home/dtv782/engr-ece/CME 433/labs/lab_3/Microprocessor.sv Line: 49
Info (12128): Elaborating entity "comb_logic" for hierarchy "comb_logic:comb_logic1" File: /home/dtv782/engr-ece/CME 433/labs/lab_3/Microprocessor.sv Line: 52
Warning (10034): Output port "output_data_out" at comb_logic.sv(4) has no driver File: /home/dtv782/engr-ece/CME 433/labs/lab_3/comb_logic.sv Line: 4
Warning (12158): Entity "comb_logic" contains only dangling pins File: /home/dtv782/engr-ece/CME 433/labs/lab_3/Microprocessor.sv Line: 52
Info (12128): Elaborating entity "program_memory" for hierarchy "program_memory:prog_mem" File: /home/dtv782/engr-ece/CME 433/labs/lab_3/Microprocessor.sv Line: 59
Info (12128): Elaborating entity "altsyncram" for hierarchy "program_memory:prog_mem|altsyncram:altsyncram_component" File: /home/dtv782/engr-ece/CME 433/labs/lab_3/program_memory.v Line: 82
Info (12130): Elaborated megafunction instantiation "program_memory:prog_mem|altsyncram:altsyncram_component" File: /home/dtv782/engr-ece/CME 433/labs/lab_3/program_memory.v Line: 82
Info (12133): Instantiated megafunction "program_memory:prog_mem|altsyncram:altsyncram_component" with the following parameter: File: /home/dtv782/engr-ece/CME 433/labs/lab_3/program_memory.v Line: 82
    Info (12134): Parameter "address_aclr_a" = "NONE"
    Info (12134): Parameter "clock_enable_input_a" = "BYPASS"
    Info (12134): Parameter "clock_enable_output_a" = "BYPASS"
    Info (12134): Parameter "init_file" = "pipe_test.hex"
    Info (12134): Parameter "intended_device_family" = "Cyclone IV E"
    Info (12134): Parameter "lpm_hint" = "ENABLE_RUNTIME_MOD=NO"
    Info (12134): Parameter "lpm_type" = "altsyncram"
    Info (12134): Parameter "numwords_a" = "256"
    Info (12134): Parameter "operation_mode" = "ROM"
    Info (12134): Parameter "outdata_aclr_a" = "NONE"
    Info (12134): Parameter "outdata_reg_a" = "CLOCK0"
    Info (12134): Parameter "widthad_a" = "8"
    Info (12134): Parameter "width_a" = "8"
    Info (12134): Parameter "width_byteena_a" = "1"
Info (12021): Found 1 design units, including 1 entities, in source file db/altsyncram_mi91.tdf
    Info (12023): Found entity 1: altsyncram_mi91 File: /home/dtv782/engr-ece/CME 433/labs/lab_3/db/altsyncram_mi91.tdf Line: 28
Info (12128): Elaborating entity "altsyncram_mi91" for hierarchy "program_memory:prog_mem|altsyncram:altsyncram_component|altsyncram_mi91:auto_generated" File: /opt/intelFPGA/20.1.1/quartus/libraries/megafunctions/altsyncram.tdf Line: 792
Info (12128): Elaborating entity "instruction_decoder" for hierarchy "instruction_decoder:instr_decoder" File: /home/dtv782/engr-ece/CME 433/labs/lab_3/Microprocessor.sv Line: 81
Info (12128): Elaborating entity "computational_unit" for hierarchy "computational_unit:comp_unit" File: /home/dtv782/engr-ece/CME 433/labs/lab_3/Microprocessor.sv Line: 108
Info (12128): Elaborating entity "data_memory" for hierarchy "data_memory:data_mem" File: /home/dtv782/engr-ece/CME 433/labs/lab_3/Microprocessor.sv Line: 115
Info (12128): Elaborating entity "altsyncram" for hierarchy "data_memory:data_mem|altsyncram:altsyncram_component" File: /home/dtv782/engr-ece/CME 433/labs/lab_3/data_memory.v Line: 86
Info (12130): Elaborated megafunction instantiation "data_memory:data_mem|altsyncram:altsyncram_component" File: /home/dtv782/engr-ece/CME 433/labs/lab_3/data_memory.v Line: 86
Info (12133): Instantiated megafunction "data_memory:data_mem|altsyncram:altsyncram_component" with the following parameter: File: /home/dtv782/engr-ece/CME 433/labs/lab_3/data_memory.v Line: 86
    Info (12134): Parameter "clock_enable_input_a" = "BYPASS"
    Info (12134): Parameter "clock_enable_output_a" = "BYPASS"
    Info (12134): Parameter "intended_device_family" = "Cyclone IV E"
    Info (12134): Parameter "lpm_hint" = "ENABLE_RUNTIME_MOD=NO"
    Info (12134): Parameter "lpm_type" = "altsyncram"
    Info (12134): Parameter "numwords_a" = "32"
    Info (12134): Parameter "operation_mode" = "SINGLE_PORT"
    Info (12134): Parameter "outdata_aclr_a" = "NONE"
    Info (12134): Parameter "outdata_reg_a" = "UNREGISTERED"
    Info (12134): Parameter "power_up_uninitialized" = "FALSE"
    Info (12134): Parameter "ram_block_type" = "M9K"
    Info (12134): Parameter "read_during_write_mode_port_a" = "NEW_DATA_NO_NBE_READ"
    Info (12134): Parameter "widthad_a" = "5"
    Info (12134): Parameter "width_a" = "4"
    Info (12134): Parameter "width_byteena_a" = "1"
Info (12021): Found 1 design units, including 1 entities, in source file db/altsyncram_5vh1.tdf
    Info (12023): Found entity 1: altsyncram_5vh1 File: /home/dtv782/engr-ece/CME 433/labs/lab_3/db/altsyncram_5vh1.tdf Line: 28
Info (12128): Elaborating entity "altsyncram_5vh1" for hierarchy "data_memory:data_mem|altsyncram:altsyncram_component|altsyncram_5vh1:auto_generated" File: /opt/intelFPGA/20.1.1/quartus/libraries/megafunctions/altsyncram.tdf Line: 792
Warning (14284): Synthesized away the following node(s):
    Warning (14285): Synthesized away the following RAM node(s):
        Warning (14320): Synthesized away node "data_memory:data_mem|altsyncram:altsyncram_component|altsyncram_5vh1:auto_generated|q_a[0]" File: /home/dtv782/engr-ece/CME 433/labs/lab_3/db/altsyncram_5vh1.tdf Line: 37
        Warning (14320): Synthesized away node "data_memory:data_mem|altsyncram:altsyncram_component|altsyncram_5vh1:auto_generated|q_a[1]" File: /home/dtv782/engr-ece/CME 433/labs/lab_3/db/altsyncram_5vh1.tdf Line: 59
        Warning (14320): Synthesized away node "data_memory:data_mem|altsyncram:altsyncram_component|altsyncram_5vh1:auto_generated|q_a[2]" File: /home/dtv782/engr-ece/CME 433/labs/lab_3/db/altsyncram_5vh1.tdf Line: 81
        Warning (14320): Synthesized away node "data_memory:data_mem|altsyncram:altsyncram_component|altsyncram_5vh1:auto_generated|q_a[3]" File: /home/dtv782/engr-ece/CME 433/labs/lab_3/db/altsyncram_5vh1.tdf Line: 103
        Warning (14320): Synthesized away node "program_memory:prog_mem|altsyncram:altsyncram_component|altsyncram_mi91:auto_generated|q_a[0]" File: /home/dtv782/engr-ece/CME 433/labs/lab_3/db/altsyncram_mi91.tdf Line: 35
        Warning (14320): Synthesized away node "program_memory:prog_mem|altsyncram:altsyncram_component|altsyncram_mi91:auto_generated|q_a[1]" File: /home/dtv782/engr-ece/CME 433/labs/lab_3/db/altsyncram_mi91.tdf Line: 57
        Warning (14320): Synthesized away node "program_memory:prog_mem|altsyncram:altsyncram_component|altsyncram_mi91:auto_generated|q_a[2]" File: /home/dtv782/engr-ece/CME 433/labs/lab_3/db/altsyncram_mi91.tdf Line: 79
        Warning (14320): Synthesized away node "program_memory:prog_mem|altsyncram:altsyncram_component|altsyncram_mi91:auto_generated|q_a[3]" File: /home/dtv782/engr-ece/CME 433/labs/lab_3/db/altsyncram_mi91.tdf Line: 101
        Warning (14320): Synthesized away node "program_memory:prog_mem|altsyncram:altsyncram_component|altsyncram_mi91:auto_generated|q_a[4]" File: /home/dtv782/engr-ece/CME 433/labs/lab_3/db/altsyncram_mi91.tdf Line: 123
        Warning (14320): Synthesized away node "program_memory:prog_mem|altsyncram:altsyncram_component|altsyncram_mi91:auto_generated|q_a[5]" File: /home/dtv782/engr-ece/CME 433/labs/lab_3/db/altsyncram_mi91.tdf Line: 145
        Warning (14320): Synthesized away node "program_memory:prog_mem|altsyncram:altsyncram_component|altsyncram_mi91:auto_generated|q_a[6]" File: /home/dtv782/engr-ece/CME 433/labs/lab_3/db/altsyncram_mi91.tdf Line: 167
        Warning (14320): Synthesized away node "program_memory:prog_mem|altsyncram:altsyncram_component|altsyncram_mi91:auto_generated|q_a[7]" File: /home/dtv782/engr-ece/CME 433/labs/lab_3/db/altsyncram_mi91.tdf Line: 189
Warning (12241): 1 hierarchies have connectivity warnings - see the Connectivity Checks report folder
Warning (13024): Output pins are stuck at VCC or GND
    Warning (13410): Pin "o_reg[0]" is stuck at GND File: /home/dtv782/engr-ece/CME 433/labs/lab_3/Microprocessor.sv Line: 5
    Warning (13410): Pin "o_reg[1]" is stuck at GND File: /home/dtv782/engr-ece/CME 433/labs/lab_3/Microprocessor.sv Line: 5
    Warning (13410): Pin "o_reg[2]" is stuck at GND File: /home/dtv782/engr-ece/CME 433/labs/lab_3/Microprocessor.sv Line: 5
    Warning (13410): Pin "o_reg[3]" is stuck at GND File: /home/dtv782/engr-ece/CME 433/labs/lab_3/Microprocessor.sv Line: 5
    Warning (13410): Pin "x0[0]" is stuck at GND File: /home/dtv782/engr-ece/CME 433/labs/lab_3/Microprocessor.sv Line: 6
    Warning (13410): Pin "x0[1]" is stuck at GND File: /home/dtv782/engr-ece/CME 433/labs/lab_3/Microprocessor.sv Line: 6
    Warning (13410): Pin "x0[2]" is stuck at GND File: /home/dtv782/engr-ece/CME 433/labs/lab_3/Microprocessor.sv Line: 6
    Warning (13410): Pin "x0[3]" is stuck at GND File: /home/dtv782/engr-ece/CME 433/labs/lab_3/Microprocessor.sv Line: 6
    Warning (13410): Pin "x1[0]" is stuck at GND File: /home/dtv782/engr-ece/CME 433/labs/lab_3/Microprocessor.sv Line: 7
    Warning (13410): Pin "x1[1]" is stuck at GND File: /home/dtv782/engr-ece/CME 433/labs/lab_3/Microprocessor.sv Line: 7
    Warning (13410): Pin "x1[2]" is stuck at GND File: /home/dtv782/engr-ece/CME 433/labs/lab_3/Microprocessor.sv Line: 7
    Warning (13410): Pin "x1[3]" is stuck at GND File: /home/dtv782/engr-ece/CME 433/labs/lab_3/Microprocessor.sv Line: 7
    Warning (13410): Pin "y0[0]" is stuck at GND File: /home/dtv782/engr-ece/CME 433/labs/lab_3/Microprocessor.sv Line: 8
    Warning (13410): Pin "y0[1]" is stuck at GND File: /home/dtv782/engr-ece/CME 433/labs/lab_3/Microprocessor.sv Line: 8
    Warning (13410): Pin "y0[2]" is stuck at GND File: /home/dtv782/engr-ece/CME 433/labs/lab_3/Microprocessor.sv Line: 8
    Warning (13410): Pin "y0[3]" is stuck at GND File: /home/dtv782/engr-ece/CME 433/labs/lab_3/Microprocessor.sv Line: 8
    Warning (13410): Pin "y1[0]" is stuck at GND File: /home/dtv782/engr-ece/CME 433/labs/lab_3/Microprocessor.sv Line: 9
    Warning (13410): Pin "y1[1]" is stuck at GND File: /home/dtv782/engr-ece/CME 433/labs/lab_3/Microprocessor.sv Line: 9
    Warning (13410): Pin "y1[2]" is stuck at GND File: /home/dtv782/engr-ece/CME 433/labs/lab_3/Microprocessor.sv Line: 9
    Warning (13410): Pin "y1[3]" is stuck at GND File: /home/dtv782/engr-ece/CME 433/labs/lab_3/Microprocessor.sv Line: 9
    Warning (13410): Pin "r[0]" is stuck at GND File: /home/dtv782/engr-ece/CME 433/labs/lab_3/Microprocessor.sv Line: 10
    Warning (13410): Pin "r[1]" is stuck at GND File: /home/dtv782/engr-ece/CME 433/labs/lab_3/Microprocessor.sv Line: 10
    Warning (13410): Pin "r[2]" is stuck at GND File: /home/dtv782/engr-ece/CME 433/labs/lab_3/Microprocessor.sv Line: 10
    Warning (13410): Pin "r[3]" is stuck at GND File: /home/dtv782/engr-ece/CME 433/labs/lab_3/Microprocessor.sv Line: 10
    Warning (13410): Pin "m[0]" is stuck at GND File: /home/dtv782/engr-ece/CME 433/labs/lab_3/Microprocessor.sv Line: 11
    Warning (13410): Pin "m[1]" is stuck at GND File: /home/dtv782/engr-ece/CME 433/labs/lab_3/Microprocessor.sv Line: 11
    Warning (13410): Pin "m[2]" is stuck at GND File: /home/dtv782/engr-ece/CME 433/labs/lab_3/Microprocessor.sv Line: 11
    Warning (13410): Pin "m[3]" is stuck at GND File: /home/dtv782/engr-ece/CME 433/labs/lab_3/Microprocessor.sv Line: 11
    Warning (13410): Pin "i[0]" is stuck at GND File: /home/dtv782/engr-ece/CME 433/labs/lab_3/Microprocessor.sv Line: 12
    Warning (13410): Pin "i[1]" is stuck at GND File: /home/dtv782/engr-ece/CME 433/labs/lab_3/Microprocessor.sv Line: 12
    Warning (13410): Pin "i[2]" is stuck at GND File: /home/dtv782/engr-ece/CME 433/labs/lab_3/Microprocessor.sv Line: 12
    Warning (13410): Pin "i[3]" is stuck at GND File: /home/dtv782/engr-ece/CME 433/labs/lab_3/Microprocessor.sv Line: 12
    Warning (13410): Pin "data_bus[0]" is stuck at GND File: /home/dtv782/engr-ece/CME 433/labs/lab_3/Microprocessor.sv Line: 13
    Warning (13410): Pin "data_bus[1]" is stuck at GND File: /home/dtv782/engr-ece/CME 433/labs/lab_3/Microprocessor.sv Line: 13
    Warning (13410): Pin "data_bus[2]" is stuck at GND File: /home/dtv782/engr-ece/CME 433/labs/lab_3/Microprocessor.sv Line: 13
    Warning (13410): Pin "data_bus[3]" is stuck at GND File: /home/dtv782/engr-ece/CME 433/labs/lab_3/Microprocessor.sv Line: 13
    Warning (13410): Pin "pm_data_out[0]" is stuck at GND File: /home/dtv782/engr-ece/CME 433/labs/lab_3/Microprocessor.sv Line: 14
    Warning (13410): Pin "pm_data_out[1]" is stuck at GND File: /home/dtv782/engr-ece/CME 433/labs/lab_3/Microprocessor.sv Line: 14
    Warning (13410): Pin "pm_data_out[2]" is stuck at GND File: /home/dtv782/engr-ece/CME 433/labs/lab_3/Microprocessor.sv Line: 14
    Warning (13410): Pin "pm_data_out[3]" is stuck at GND File: /home/dtv782/engr-ece/CME 433/labs/lab_3/Microprocessor.sv Line: 14
    Warning (13410): Pin "pm_data_out[4]" is stuck at GND File: /home/dtv782/engr-ece/CME 433/labs/lab_3/Microprocessor.sv Line: 14
    Warning (13410): Pin "pm_data_out[5]" is stuck at GND File: /home/dtv782/engr-ece/CME 433/labs/lab_3/Microprocessor.sv Line: 14
    Warning (13410): Pin "pm_data_out[6]" is stuck at GND File: /home/dtv782/engr-ece/CME 433/labs/lab_3/Microprocessor.sv Line: 14
    Warning (13410): Pin "pm_data_out[7]" is stuck at GND File: /home/dtv782/engr-ece/CME 433/labs/lab_3/Microprocessor.sv Line: 14
    Warning (13410): Pin "pm_address_out[0]" is stuck at GND File: /home/dtv782/engr-ece/CME 433/labs/lab_3/Microprocessor.sv Line: 15
    Warning (13410): Pin "pm_address_out[1]" is stuck at GND File: /home/dtv782/engr-ece/CME 433/labs/lab_3/Microprocessor.sv Line: 15
    Warning (13410): Pin "pm_address_out[2]" is stuck at GND File: /home/dtv782/engr-ece/CME 433/labs/lab_3/Microprocessor.sv Line: 15
    Warning (13410): Pin "pm_address_out[3]" is stuck at GND File: /home/dtv782/engr-ece/CME 433/labs/lab_3/Microprocessor.sv Line: 15
    Warning (13410): Pin "pm_address_out[4]" is stuck at GND File: /home/dtv782/engr-ece/CME 433/labs/lab_3/Microprocessor.sv Line: 15
    Warning (13410): Pin "pm_address_out[5]" is stuck at GND File: /home/dtv782/engr-ece/CME 433/labs/lab_3/Microprocessor.sv Line: 15
    Warning (13410): Pin "pm_address_out[6]" is stuck at GND File: /home/dtv782/engr-ece/CME 433/labs/lab_3/Microprocessor.sv Line: 15
    Warning (13410): Pin "pm_address_out[7]" is stuck at GND File: /home/dtv782/engr-ece/CME 433/labs/lab_3/Microprocessor.sv Line: 15
    Warning (13410): Pin "from_PS[0]" is stuck at GND File: /home/dtv782/engr-ece/CME 433/labs/lab_3/Microprocessor.sv Line: 17
    Warning (13410): Pin "from_PS[1]" is stuck at GND File: /home/dtv782/engr-ece/CME 433/labs/lab_3/Microprocessor.sv Line: 17
    Warning (13410): Pin "from_PS[2]" is stuck at GND File: /home/dtv782/engr-ece/CME 433/labs/lab_3/Microprocessor.sv Line: 17
    Warning (13410): Pin "from_PS[3]" is stuck at GND File: /home/dtv782/engr-ece/CME 433/labs/lab_3/Microprocessor.sv Line: 17
    Warning (13410): Pin "from_PS[4]" is stuck at GND File: /home/dtv782/engr-ece/CME 433/labs/lab_3/Microprocessor.sv Line: 17
    Warning (13410): Pin "from_PS[5]" is stuck at GND File: /home/dtv782/engr-ece/CME 433/labs/lab_3/Microprocessor.sv Line: 17
    Warning (13410): Pin "from_PS[6]" is stuck at GND File: /home/dtv782/engr-ece/CME 433/labs/lab_3/Microprocessor.sv Line: 17
    Warning (13410): Pin "from_PS[7]" is stuck at GND File: /home/dtv782/engr-ece/CME 433/labs/lab_3/Microprocessor.sv Line: 17
    Warning (13410): Pin "from_ID[0]" is stuck at GND File: /home/dtv782/engr-ece/CME 433/labs/lab_3/Microprocessor.sv Line: 18
    Warning (13410): Pin "from_ID[1]" is stuck at GND File: /home/dtv782/engr-ece/CME 433/labs/lab_3/Microprocessor.sv Line: 18
    Warning (13410): Pin "from_ID[2]" is stuck at GND File: /home/dtv782/engr-ece/CME 433/labs/lab_3/Microprocessor.sv Line: 18
    Warning (13410): Pin "from_ID[3]" is stuck at GND File: /home/dtv782/engr-ece/CME 433/labs/lab_3/Microprocessor.sv Line: 18
    Warning (13410): Pin "from_ID[4]" is stuck at GND File: /home/dtv782/engr-ece/CME 433/labs/lab_3/Microprocessor.sv Line: 18
    Warning (13410): Pin "from_ID[5]" is stuck at GND File: /home/dtv782/engr-ece/CME 433/labs/lab_3/Microprocessor.sv Line: 18
    Warning (13410): Pin "from_ID[6]" is stuck at GND File: /home/dtv782/engr-ece/CME 433/labs/lab_3/Microprocessor.sv Line: 18
    Warning (13410): Pin "from_ID[7]" is stuck at GND File: /home/dtv782/engr-ece/CME 433/labs/lab_3/Microprocessor.sv Line: 18
    Warning (13410): Pin "from_CU[0]" is stuck at GND File: /home/dtv782/engr-ece/CME 433/labs/lab_3/Microprocessor.sv Line: 19
    Warning (13410): Pin "from_CU[1]" is stuck at GND File: /home/dtv782/engr-ece/CME 433/labs/lab_3/Microprocessor.sv Line: 19
    Warning (13410): Pin "from_CU[2]" is stuck at GND File: /home/dtv782/engr-ece/CME 433/labs/lab_3/Microprocessor.sv Line: 19
    Warning (13410): Pin "from_CU[3]" is stuck at GND File: /home/dtv782/engr-ece/CME 433/labs/lab_3/Microprocessor.sv Line: 19
    Warning (13410): Pin "from_CU[4]" is stuck at GND File: /home/dtv782/engr-ece/CME 433/labs/lab_3/Microprocessor.sv Line: 19
    Warning (13410): Pin "from_CU[5]" is stuck at GND File: /home/dtv782/engr-ece/CME 433/labs/lab_3/Microprocessor.sv Line: 19
    Warning (13410): Pin "from_CU[6]" is stuck at GND File: /home/dtv782/engr-ece/CME 433/labs/lab_3/Microprocessor.sv Line: 19
    Warning (13410): Pin "from_CU[7]" is stuck at GND File: /home/dtv782/engr-ece/CME 433/labs/lab_3/Microprocessor.sv Line: 19
    Warning (13410): Pin "ir[0]" is stuck at GND File: /home/dtv782/engr-ece/CME 433/labs/lab_3/Microprocessor.sv Line: 20
    Warning (13410): Pin "ir[1]" is stuck at GND File: /home/dtv782/engr-ece/CME 433/labs/lab_3/Microprocessor.sv Line: 20
    Warning (13410): Pin "ir[2]" is stuck at GND File: /home/dtv782/engr-ece/CME 433/labs/lab_3/Microprocessor.sv Line: 20
    Warning (13410): Pin "ir[3]" is stuck at GND File: /home/dtv782/engr-ece/CME 433/labs/lab_3/Microprocessor.sv Line: 20
    Warning (13410): Pin "ir[4]" is stuck at GND File: /home/dtv782/engr-ece/CME 433/labs/lab_3/Microprocessor.sv Line: 20
    Warning (13410): Pin "ir[5]" is stuck at GND File: /home/dtv782/engr-ece/CME 433/labs/lab_3/Microprocessor.sv Line: 20
    Warning (13410): Pin "ir[6]" is stuck at GND File: /home/dtv782/engr-ece/CME 433/labs/lab_3/Microprocessor.sv Line: 20
    Warning (13410): Pin "ir[7]" is stuck at GND File: /home/dtv782/engr-ece/CME 433/labs/lab_3/Microprocessor.sv Line: 20
    Warning (13410): Pin "register_enables[0]" is stuck at VCC File: /home/dtv782/engr-ece/CME 433/labs/lab_3/Microprocessor.sv Line: 21
    Warning (13410): Pin "NOPC8" is stuck at GND File: /home/dtv782/engr-ece/CME 433/labs/lab_3/Microprocessor.sv Line: 22
    Warning (13410): Pin "NOPCF" is stuck at GND File: /home/dtv782/engr-ece/CME 433/labs/lab_3/Microprocessor.sv Line: 23
    Warning (13410): Pin "NOPD8" is stuck at GND File: /home/dtv782/engr-ece/CME 433/labs/lab_3/Microprocessor.sv Line: 24
    Warning (13410): Pin "NOPDF" is stuck at GND File: /home/dtv782/engr-ece/CME 433/labs/lab_3/Microprocessor.sv Line: 25
    Warning (13410): Pin "zero_flag" is stuck at VCC File: /home/dtv782/engr-ece/CME 433/labs/lab_3/Microprocessor.sv Line: 27
Info (286030): Timing-Driven Synthesis is running
Info (16010): Generating hard_block partition "hard_block:auto_generated_inst"
    Info (16011): Adding 0 node(s), including 0 DDIO, 0 PLL, 0 transceiver and 0 LCELL
Warning (21074): Design contains 4 input pin(s) that do not drive logic
    Warning (15610): No output dependent on input pin "i_pins[0]" File: /home/dtv782/engr-ece/CME 433/labs/lab_3/Microprocessor.sv Line: 4
    Warning (15610): No output dependent on input pin "i_pins[1]" File: /home/dtv782/engr-ece/CME 433/labs/lab_3/Microprocessor.sv Line: 4
    Warning (15610): No output dependent on input pin "i_pins[2]" File: /home/dtv782/engr-ece/CME 433/labs/lab_3/Microprocessor.sv Line: 4
    Warning (15610): No output dependent on input pin "i_pins[3]" File: /home/dtv782/engr-ece/CME 433/labs/lab_3/Microprocessor.sv Line: 4
Info (21057): Implemented 121 device resources after synthesis - the final resource count might be different
    Info (21058): Implemented 6 input pins
    Info (21059): Implemented 106 output pins
    Info (21061): Implemented 9 logic cells
Info: Quartus Prime Analysis & Synthesis was successful. 0 errors, 114 warnings
    Info: Peak virtual memory: 763 megabytes
    Info: Processing ended: Tue Oct 18 13:22:22 2022
    Info: Elapsed time: 00:00:05
    Info: Total CPU time (on all processors): 00:00:16


